SLF4J: Failed to load class "org.slf4j.impl.StaticLoggerBinder".
SLF4J: Defaulting to no-operation (NOP) logger implementation
SLF4J: See http://www.slf4j.org/codes.html#StaticLoggerBinder for further details.
https://pp.userapi.com/c841436/v841436588/242a3/bJyN98oagZU.jpg
https://pp.userapi.com/c631325/v631325504/43737/48xQtKW_n2A.jpg
https://pp.userapi.com/c631325/v631325504/43711/tTpr-fc1shE.jpg
https://pp.userapi.com/c405031/v405031362/5cd7/kBIjgBqH_vc.jpg
https://pp.userapi.com/c841220/v841220259/1710c/dfrFS365J7k.jpg
https://pp.userapi.com/c626630/v626630295/67ffd/laoLj-IrZ0o.jpg
https://pp.userapi.com/c304209/v304209362/10d0/9NM86Ld1FRU.jpg
https://pp.userapi.com/c637129/v637129504/54d96/A7_u3Z23m20.jpg
https://pp.userapi.com/c628018/v628018880/1b5a4/Yqm_uGHbS34.jpg
https://pp.userapi.com/c633523/v633523504/30b98/RHfarL4IyWo.jpg
https://pp.userapi.com/c618128/v618128362/d004/JzN1Q11PdLM.jpg
https://pp.userapi.com/c636625/v636625295/135d9/0_eZXGzfH18.jpg
https://pp.userapi.com/c636625/v636625295/135d9/0_eZXGzfH18.jpg
https://pp.userapi.com/c616618/v616618323/854b/uocVO9SDbic.jpg
https://pp.userapi.com/c633628/v633628880/3a227/1pZJ9HOfKqI.jpg
https://pp.userapi.com/c618128/v618128362/d249/KTRbdZJCPtY.jpg
null
https://pp.userapi.com/c637318/v637318259/4f992/SNGVNmN7nCY.jpg
https://pp.userapi.com/c624327/v624327362/12581/zV76ZHiq_s8.jpg
https://pp.userapi.com/c638129/v638129504/176aa/8zPm8xeCLCg.jpg
https://pp.userapi.com/c630126/v630126504/4881f/rySz2rOxnT4.jpg
https://pp.userapi.com/c604330/v604330295/1b243/G-KZHJ5583w.jpg
https://pp.userapi.com/c618128/v618128362/d22e/Xrf9DhoeREA.jpg
https://pp.userapi.com/c841231/v841231242/2e2e9/8_Z9aDgO4PI.jpg
https://pp.userapi.com/c837726/v837726374/6bbb4/EW3eMN1Lyxk.jpg
https://pp.userapi.com/c618128/v618128362/d004/JzN1Q11PdLM.jpg
null
https://pp.userapi.com/c604328/v604328880/2e4c2/Ua1Z-LNMccA.jpg
null
https://pp.userapi.com/c636418/v636418504/a3c9/HZW9dM5vITI.jpg
https://pp.userapi.com/c614926/v614926323/1ae8d/5YboTP-_hkE.jpg
https://pp.userapi.com/c623228/v623228323/20bc/M6i141RHN4U.jpg
https://pp.userapi.com/c317820/v317820362/bca7/lwk5ILkXVBc.jpg
https://pp.userapi.com/c637427/v637427295/2aaad/rXbghMXBoy4.jpg
https://pp.userapi.com/c840739/v840739374/67e9/w9_fHsoyufM.jpg
https://pp.userapi.com/c639323/v639323538/38cdb/c7IDQeLIPGA.jpg
null
https://pp.userapi.com/c624722/v624722323/4020b/hFsDaT1yHB0.jpg
https://pp.userapi.com/c616618/v616618323/8554/Uj8_xNgLRJU.jpg
https://pp.userapi.com/c637318/v637318259/4f9b6/s86Ec5ZEgo4.jpg
https://pp.userapi.com/c836637/v836637586/43f74/Vh9XijVbB8M.jpg
https://pp.userapi.com/c836232/v836232586/2d48e/-P0ZBZk3Dqc.jpg
null
null
https://pp.userapi.com/c407224/v407224362/37a9/h1pTpdOUBCg.jpg
null
null
https://pp.userapi.com/c639526/v639526119/41199/jTHNJOwc24M.jpg
https://pp.userapi.com/c840222/v840222315/46313/aAVFDUkYzmg.jpg
null
https://pp.userapi.com/c638916/v638916504/25d9e/xuEGsGBAeEg.jpg
https://pp.userapi.com/c636418/v636418504/a394/yDuF3vrVDr0.jpg
https://pp.userapi.com/c616618/v616618323/855e/9PbMotxZA8Q.jpg
null
https://pp.userapi.com/c630330/v630330504/3de67/b1SB7DZcfaY.jpg
https://pp.userapi.com/c614718/v614718323/1a9f5/V8ZduCjGfqc.jpg
null
null
https://pp.userapi.com/c841622/v841622113/45817/XTpZqqATo0E.jpg
https://pp.userapi.com/c836129/v836129295/447af/DYaM007K7-4.jpg
https://pp.userapi.com/c837320/v837320119/45a52/mml9dibH72A.jpg
https://pp.userapi.com/c616618/v616618323/8541/qrCocltsUZI.jpg
null
null
https://pp.userapi.com/c616618/v616618323/8524/Gp_MbiK5DVg.jpg
https://pp.userapi.com/c623228/v623228323/20cf/jPiptqEJz0g.jpg
https://pp.userapi.com/c614924/v614924323/1ff4f/FH6_6VXfCr8.jpg
null
https://pp.userapi.com/c637318/v637318259/4f99c/ExJuPMvreJ4.jpg
https://pp.userapi.com/c637922/v637922586/2d96c/Ag6Y8PxRGFM.jpg
https://pp.userapi.com/c616618/v616618323/8537/C3PTW4laZbg.jpg
https://pp.userapi.com/c619716/v619716323/1b504/Fi3gnO5BktI.jpg
null
https://pp.userapi.com/c629422/v629422504/51b9f/Yq5swcv_vpI.jpg
https://pp.userapi.com/c631829/v631829504/363c0/YoWMf6IBtLA.jpg
https://pp.userapi.com/c637318/v637318259/4f9a6/sgkHRFIilKE.jpg
https://pp.userapi.com/c306210/v306210362/77a/JYuJ2rL74EA.jpg
null
https://pp.userapi.com/c626223/v626223586/3f1cd/TQZaqLFgcZo.jpg
https://pp.userapi.com/c605317/v605317745/274/RL3w7j52ySM.jpg
https://pp.userapi.com/c616618/v616618323/857a/4vLrcz1Ug7U.jpg
https://pp.userapi.com/c639629/v639629592/4ab57/lhSDsD5fXrc.jpg
https://pp.userapi.com/c841329/v841329417/280bb/J8dL1p9vxPc.jpg
https://pp.userapi.com/c638927/v638927035/5d041/BZ3a1c3NaVY.jpg
https://pp.userapi.com/c837228/v837228586/42b83/2jVBPsD_oAY.jpg
https://pp.userapi.com/c631325/v631325504/4372e/mcGU8Kewx64.jpg
null
https://pp.userapi.com/c840428/v840428900/248c6/hBHiY-ZnQuo.jpg
null
null
https://pp.userapi.com/c637318/v637318259/4ee73/XaLnCghEtNk.jpg
https://pp.userapi.com/c306210/v306210362/6f4/t9n66pA6SZE.jpg
https://pp.userapi.com/c636418/v636418504/a429/Kspn6wiWfro.jpg
https://pp.userapi.com/c631325/v631325504/4371b/teTz84kabhg.jpg
https://pp.userapi.com/c626223/v626223586/3f245/rv3vB3ooBo0.jpg
https://pp.userapi.com/c841328/v841328966/26649/wnq2BTp5r-o.jpg
null
https://pp.userapi.com/c841635/v841635372/44cd8/SzOX0iq6b10.jpg
https://pp.userapi.com/c421718/v421718362/15be/QvayExlayEg.jpg
https://pp.userapi.com/c841329/v841329417/280b2/CmDMIRLxapw.jpg
https://pp.userapi.com/c614718/v614718323/1aaff/BDQJVGT2C4c.jpg
https://pp.userapi.com/c616618/v616618323/8571/SeTK48K2_ok.jpg
https://pp.userapi.com/c626630/v626630504/17d75/7Ekaspjlovs.jpg
https://pp.userapi.com/c626921/v626921504/23a95/SnuuR6t2RsQ.jpg
https://pp.userapi.com/c616618/v616618323/8567/d5f4cRHgi7c.jpg
null
https://pp.userapi.com/c636125/v636125295/6dd3/YPGEKm2TPXc.jpg
null
https://pp.userapi.com/c614926/v614926323/1ad9a/tFfM2L2kXW8.jpg
https://pp.userapi.com/c824700/v824700557/45425/gKy-5-eeYsQ.jpg
https://pp.userapi.com/c637431/v637431586/50562/9qcPqFN0xJs.jpg
null
null
https://pp.userapi.com/c616618/v616618323/852e/_ya2eHhDfMg.jpg
https://pp.userapi.com/c638226/v638226505/65c2c/WSppfBieaoY.jpg
https://pp.userapi.com/c631423/v631423880/48951/P24Zs7fTnZ4.jpg
https://pp.userapi.com/c623219/v623219323/3d0/39c7CmnV7hY.jpg
https://pp.userapi.com/c618422/v618422295/6715/C3Le9ZaXAuU.jpg
https://pp.userapi.com/c409524/v409524362/5854/bI6tsSO9lU4.jpg
https://pp.userapi.com/c604330/v604330504/27349/pM3I_vadqso.jpg
https://pp.userapi.com/c629422/v629422504/51ba8/mEmwU_sl4Jk.jpg
null
https://pp.userapi.com/c306211/v306211362/1211/6f5jz9vuEX8.jpg
https://pp.userapi.com/c636418/v636418504/a3e7/DLowGuEdmg0.jpg
null
https://pp.userapi.com/c614924/v614924323/1ff46/PxAcBgCvQys.jpg
https://pp.userapi.com/c623228/v623228323/20b2/SkhF5nBh-eU.jpg
https://pp.userapi.com/c636418/v636418504/a3a7/VT0o6jnh7f0.jpg
https://pp.userapi.com/c604330/v604330504/27317/Zh57TfUJsQ4.jpg
https://pp.userapi.com/c623219/v623219323/3d9/xdWAujxG1pQ.jpg
https://pp.userapi.com/c636319/v636319295/459e4/gLywxArvbGs.jpg
https://pp.userapi.com/c639629/v639629119/3d216/QP4ob3Zhxvg.jpg
null
https://pp.userapi.com/c413221/v413221362/4e04/tvWAoawzZK8.jpg
https://pp.userapi.com/c636625/v636625295/1391b/YHI7je2nAUU.jpg
https://pp.userapi.com/c840122/v840122119/23401/esK658XxzR4.jpg
https://pp.userapi.com/c626223/v626223586/3f227/VHmqg2Zu4Vw.jpg
https://pp.userapi.com/c618128/v618128362/d25c/mBYdR9z5d9w.jpg
https://pp.userapi.com/c624722/v624722323/40202/spQK56opOrw.jpg
https://pp.userapi.com/c836633/v836633880/27629/ISHh-FmCWY8.jpg
https://pp.userapi.com/c631325/v631325504/43724/JL8Ya_BtU2c.jpg
https://pp.userapi.com/c841329/v841329417/280d6/d40VpgXs20Y.jpg
https://pp.userapi.com/c836633/v836633880/2763d/sNueJehlNBc.jpg
https://pp.userapi.com/c836633/v836633880/275cf/TQsAzb4wUY0.jpg
https://pp.userapi.com/c623219/v623219323/3c6/FcGa5qK7b1E.jpg
https://pp.userapi.com/c623228/v623228323/20a8/p_ZvFowd6ew.jpg
https://pp.userapi.com/c841329/v841329417/280a0/FQ3d8SE6-Lo.jpg
https://pp.userapi.com/c836633/v836633880/27633/cyUoC-A5Wx0.jpg
https://pp.userapi.com/c405021/v405021362/cafe/ngY9-HxglNs.jpg
null
https://pp.userapi.com/c841329/v841329417/280cd/fFlHT8K3g0o.jpg
null
https://pp.userapi.com/c630316/v630316295/3b5da/3WodkQawBJk.jpg
https://pp.userapi.com/c837233/v837233119/6f10b/IaHRN47tdMc.jpg
https://pp.userapi.com/c841329/v841329417/280c4/-sBTGGgrb8c.jpg
https://pp.userapi.com/c636418/v636418504/a31d/RtxpuLqQV1I.jpg
https://pp.userapi.com/c631423/v631423880/4891f/E_lP1GY93bs.jpg
https://pp.userapi.com/c639824/v639824057/70969/sY0PxW4-Ubo.jpg
https://pp.userapi.com/c836633/v836633880/27651/id-cvVKabjs.jpg
null
https://pp.userapi.com/c618128/v618128362/d237/auGiLlZO6lU.jpg
https://pp.userapi.com/c638016/v638016568/4d62e/S-GV2r4m4Sg.jpg
https://pp.userapi.com/c841429/v841429752/290ab/arpL9fjm2-c.jpg
https://pp.userapi.com/c636319/v636319295/45a9c/j4z5aKg5bMA.jpg
https://pp.userapi.com/c623228/v623228323/20c5/IDYnhz5r7ps.jpg
https://pp.userapi.com/c841329/v841329417/280a9/y2rNPnukFyE.jpg
https://pp.userapi.com/c604330/v604330504/2733f/BYI_CS3M8Ro.jpg
https://pp.userapi.com/c629311/v629311880/1f94f/vO_RRNIl-9Q.jpg
https://pp.userapi.com/c639517/v639517295/1c10f/gjJ6ZCdp-WA.jpg
null
https://pp.userapi.com/c614926/v614926323/1ad88/2s5KBU6Bqb0.jpg
null
https://pp.userapi.com/c624722/v624722323/40214/ExIee6Pz0eU.jpg
https://pp.userapi.com/c614926/v614926323/1ae96/GTpRWpA6pK0.jpg
https://pp.userapi.com/c638016/v638016568/4d63f/Uu_XIS6UgWM.jpg
https://pp.userapi.com/c638629/v638629119/5eace/xRaG0IuNoQM.jpg
https://pp.userapi.com/c626223/v626223586/47bb3/SSHJ6EVj9dw.jpg
https://pp.userapi.com/c840334/v840334429/3c36d/S9OMPcrtsFo.jpg
https://pp.userapi.com/c836538/v836538295/1b5f1/RG9DY-xI304.jpg
https://pp.userapi.com/c614926/v614926323/1ad91/34gKV2QBUo8.jpg
https://pp.userapi.com/c626223/v626223586/3f1eb/0qhS1_KERJc.jpg
null
https://pp.userapi.com/c637318/v637318259/507e0/JvJslfBgWfI.jpg
https://pp.userapi.com/c841329/v841329417/280df/vccsOb4NBCE.jpg
https://pp.userapi.com/c637318/v637318259/4ee87/O8QNA9pVfE8.jpg
https://pp.userapi.com/c626223/v626223586/3f145/JMvljipNT6o.jpg
null
https://pp.userapi.com/c631423/v631423880/48901/Mn5TGT0WEqI.jpg
https://pp.userapi.com/c638131/v638131295/25a9e/exXcasq9ay8.jpg
https://pp.userapi.com/c836633/v836633880/275d9/ucr2ZfywDxI.jpg
https://pp.userapi.com/c604717/v604717422/178fc/dKFn2vgHKGY.jpg
https://pp.userapi.com/c636319/v636319295/45a6b/sgOmvmg5LcE.jpg
https://pp.userapi.com/c631423/v631423880/488d9/dzmRhnTSp2o.jpg
https://pp.userapi.com/c636418/v636418504/a3b5/tNLZVBiU6yM.jpg
https://pp.userapi.com/c626223/v626223586/3f24f/fAw9UxLymqM.jpg
null
null
https://pp.userapi.com/c604330/v604330504/27321/OC5iaFiiU8g.jpg
https://pp.userapi.com/c636418/v636418504/a36c/Sh6GFb4z9X8.jpg
https://pp.userapi.com/c626223/v626223586/3f1ff/tBW8808D_y8.jpg
https://pp.userapi.com/c636024/v636024295/44bd2/H6PJZWzeTT8.jpg
https://pp.userapi.com/c840630/v840630119/45c0/UX9_jbuZCcA.jpg
https://pp.userapi.com/c636418/v636418504/a34e/t3GAMZwQFGs.jpg
https://pp.userapi.com/c626523/v626523586/67735/3fChPDrtEyc.jpg
https://pp.userapi.com/c626630/v626630504/17d7f/vUc6q1HC_BM.jpg
https://pp.userapi.com/c322821/v322821362/912c/cGzfKyl04ow.jpg
https://pp.userapi.com/c626223/v626223586/3f21d/vH_Fu0A_HN0.jpg
https://pp.userapi.com/c618422/v618422295/6730/uTMkSuwWyXo.jpg
https://pp.userapi.com/c837421/v837421586/14c6f/cwtDU8M4rZc.jpg
https://pp.userapi.com/c836633/v836633880/275ed/QemDpqj1z48.jpg
https://pp.userapi.com/c631423/v631423880/488e3/Boblrw6vimY.jpg
https://pp.userapi.com/c836633/v836633880/276b5/NUEVoOwyUzk.jpg
https://pp.userapi.com/c618422/v618422295/66fa/5D9vNTA4tgQ.jpg
https://pp.userapi.com/c616021/v616021880/10c1c/EkLnpNMltL4.jpg
https://pp.userapi.com/c631423/v631423880/48933/nbvM7trwHaA.jpg
null
https://pp.userapi.com/c631423/v631423880/48991/isjWUKdSaxw.jpg
https://pp.userapi.com/c841631/v841631340/39e88/vwvT4fTNZmI.jpg
https://pp.userapi.com/c604330/v604330504/2732b/E0aryMFEqkM.jpg
https://pp.userapi.com/c637318/v637318259/4ee69/M9bzOUTeILE.jpg
https://pp.userapi.com/c637318/v637318259/4f9b4/DPMrXtDlGIM.jpg
https://pp.userapi.com/c626223/v626223586/3f231/M6MW3X1sb20.jpg
null
https://pp.userapi.com/c638131/v638131295/25a07/wbt07a88V28.jpg
https://pp.userapi.com/c630721/v630721504/3a0c1/IX1iMADWTO4.jpg
https://pp.userapi.com/c841530/v841530119/1cf98/s3AyOhP9Gbo.jpg
https://pp.userapi.com/c604330/v604330504/2735d/IKeNpLkCUuY.jpg
https://pp.userapi.com/c626223/v626223586/3f1f5/WD4M8vFJcTY.jpg
https://pp.userapi.com/c626223/v626223586/3f1c3/fei9bHCIHKs.jpg
https://pp.userapi.com/c836633/v836633880/275c5/Xd9Pj9CxnJU.jpg
null
https://pp.userapi.com/c636418/v636418504/a358/34jBHe0Tcr0.jpg
https://pp.userapi.com/c636418/v636418504/a380/zzDsV6fCst8.jpg
https://pp.userapi.com/c604330/v604330504/27335/eiAll5W6PxM.jpg
https://pp.userapi.com/c626223/v626223586/3f209/Qp7LWYzTWsw.jpg
https://pp.userapi.com/c831308/v831308394/3c91e/DT5lFxeF1_M.jpg
https://pp.userapi.com/c636418/v636418504/a33a/ZZIvfr_Lx04.jpg
https://pp.userapi.com/c631423/v631423880/4890b/lsQjZE1EZys.jpg
https://pp.userapi.com/c636418/v636418504/a39d/K_JoFLBfSEc.jpg
https://pp.userapi.com/c618128/v618128362/d240/J5mOduGwnuA.jpg
null
https://pp.userapi.com/c627628/v627628295/4dc7d/5u4nTaNwOpM.jpg
https://pp.userapi.com/c631423/v631423880/4895b/OJ-e6tHYeYc.jpg
https://pp.userapi.com/c836633/v836633880/2760b/A5bmqXMVTrg.jpg
https://pp.userapi.com/c637318/v637318259/4ee5f/Vw6tSwLQk1A.jpg
https://pp.userapi.com/c631230/v631230295/324df/Y7uYD4hITyk.jpg
https://pp.userapi.com/c631423/v631423880/488cf/8eE8C4-W0RU.jpg
https://pp.userapi.com/c638016/v638016568/4d648/MrJ_alcVnr0.jpg
https://pp.userapi.com/c836633/v836633880/2766f/YGaNHvOSlyo.jpg
https://pp.userapi.com/c836633/v836633880/27615/oXZ8ujU_Cso.jpg
https://pp.userapi.com/c631423/v631423880/4893d/ejz1e1DkQvI.jpg
https://pp.userapi.com/c630518/v630518295/3d47e/gPa36koc4Jg.jpg
https://pp.userapi.com/c631423/v631423880/488c5/CMHdlRpX9Yk.jpg
https://pp.userapi.com/c618422/v618422295/670c/oDLoJ6vcIJs.jpg
https://pp.userapi.com/c604330/v604330504/27353/DwethWeVaTI.jpg
https://pp.userapi.com/c836133/v836133119/534c3/kLP4dn1zY5g.jpg
https://pp.userapi.com/c636418/v636418504/a3d3/dkCZ721lVUg.jpg
https://pp.userapi.com/c836633/v836633880/276bf/Vvw4C0Z9EBc.jpg
https://pp.userapi.com/c836633/v836633880/27697/qZX0mhWeH-w.jpg
https://pp.userapi.com/c639517/v639517295/1bc8c/a6TrMhN0rUc.jpg
https://pp.userapi.com/c836633/v836633880/275e3/rmb8_gUkjb4.jpg
https://pp.userapi.com/c636418/v636418504/a362/Tzuenl2yOAg.jpg
https://pp.userapi.com/c636418/v636418504/a3bf/OniJyEKl-HY.jpg
https://pp.userapi.com/c636418/v636418504/a3dd/DV1R44YntFA.jpg
https://pp.userapi.com/c638126/v638126586/1c6f8/cmVnB6U2JGU.jpg
https://pp.userapi.com/c836633/v836633880/2761f/6bVeQVC0QXQ.jpg
https://pp.userapi.com/c618128/v618128362/d252/O1NJa0r_E8A.jpg
https://pp.userapi.com/c631423/v631423880/48915/J2Fqj2bHCj4.jpg
https://pp.userapi.com/c631423/v631423880/48947/3AvOdSK81Cs.jpg
https://pp.userapi.com/c626223/v626223586/3f1d7/rryuCi129pg.jpg
https://pp.userapi.com/c836538/v836538295/1b5de/cVux_lBK6jc.jpg
https://pp.userapi.com/c618422/v618422295/66f1/oubKn2tAPp0.jpg
https://pp.userapi.com/c626223/v626223586/3f23b/cTgoWZZuWRk.jpg
https://pp.userapi.com/c626223/v626223586/3f213/ae91nLn9pRM.jpg
null
https://pp.userapi.com/c636418/v636418504/a344/gKmbA1B1J34.jpg
https://pp.userapi.com/c626330/v626330295/46189/XH44ST1IVpo.jpg
https://pp.userapi.com/c637318/v637318259/4ee91/t9FBEdiBm6I.jpg
https://pp.userapi.com/c836633/v836633880/275f7/_X_vHAz4MxU.jpg
https://pp.userapi.com/c836633/v836633880/27683/i1IkcJgiBdA.jpg
https://pp.userapi.com/c604330/v604330504/2730e/BZIqK3kozrg.jpg
https://pp.userapi.com/c836633/v836633880/27665/D3_lYqw47Do.jpg
https://pp.userapi.com/c630518/v630518295/3d3a0/Q5oFqzL0UNw.jpg
https://pp.userapi.com/c637318/v637318259/4ee7d/OOzlkn9uxrs.jpg
https://pp.userapi.com/c616021/v616021880/10c13/3QOtvzT0tFU.jpg
https://pp.userapi.com/c637318/v637318259/4eea5/-d6G9o1NIhk.jpg
https://pp.userapi.com/c836633/v836633880/2765b/DtScAH88-Q0.jpg
https://pp.userapi.com/c836633/v836633880/276a1/7emZIpi9F4s.jpg
https://pp.userapi.com/c836633/v836633880/27679/Ae_O0vfiggI.jpg
https://pp.userapi.com/c836633/v836633880/27601/sMgfI_c3Q1k.jpg
https://pp.userapi.com/c636418/v636418504/a330/sy7Z9MePGew.jpg
https://pp.userapi.com/c631423/v631423880/488f7/2IzlVQSO988.jpg
https://pp.userapi.com/c836633/v836633880/27647/Y4Ugn0UebBk.jpg
